  TriangleRain.cpp
C:\Users\schin\Desktop\UNI\ComputerGraphics\LAB_02\TriangleRain\TriangleRain\TriangleRain.cpp(66,57): warning C4244: 'argomento': conversione da 'double' a 'GLfloat'. Possibile perdita di dati.
C:\Users\schin\Desktop\UNI\ComputerGraphics\LAB_02\TriangleRain\TriangleRain\TriangleRain.cpp(66,40): warning C4244: 'argomento': conversione da 'double' a 'GLfloat'. Possibile perdita di dati.
C:\Users\schin\Desktop\UNI\ComputerGraphics\LAB_02\TriangleRain\TriangleRain\TriangleRain.cpp(66,23): warning C4244: 'argomento': conversione da 'double' a 'GLfloat'. Possibile perdita di dati.
C:\Users\schin\Desktop\UNI\ComputerGraphics\LAB_02\TriangleRain\TriangleRain\TriangleRain.cpp(71,96): warning C4244: 'argomento': conversione da 'double' a 'GLfloat'. Possibile perdita di dati.
C:\Users\schin\Desktop\UNI\ComputerGraphics\LAB_02\TriangleRain\TriangleRain\TriangleRain.cpp(71,40): warning C4244: 'argomento': conversione da 'double' a 'GLfloat'. Possibile perdita di dati.
C:\Users\schin\Desktop\UNI\ComputerGraphics\LAB_02\TriangleRain\TriangleRain\TriangleRain.cpp(75,26): warning C4305: '-=': troncamento da 'double' a 'float'
C:\Users\schin\Desktop\UNI\ComputerGraphics\LAB_02\TriangleRain\TriangleRain\TriangleRain.cpp(84,100): warning C4244: 'argomento': conversione da 'double' a 'GLfloat'. Possibile perdita di dati.
C:\Users\schin\Desktop\UNI\ComputerGraphics\LAB_02\TriangleRain\TriangleRain\TriangleRain.cpp(84,44): warning C4244: 'argomento': conversione da 'double' a 'GLfloat'. Possibile perdita di dati.
C:\Users\schin\Desktop\UNI\ComputerGraphics\LAB_02\TriangleRain\TriangleRain\TriangleRain.cpp(94,15): warning C4244: 'argomento': conversione da 'time_t' a 'unsigned int'. Possibile perdita di dati.
C:\Users\schin\Desktop\UNI\ComputerGraphics\LAB_02\TriangleRain\TriangleRain\TriangleRain.cpp(97,65): warning C4244: '=': conversione da 'int' a 'float'. Possibile perdita di dati.
C:\Users\schin\Desktop\UNI\ComputerGraphics\LAB_02\TriangleRain\TriangleRain\TriangleRain.cpp(99,52): warning C4244: '=': conversione da 'int' a 'float'. Possibile perdita di dati.
C:\Users\schin\Desktop\UNI\ComputerGraphics\LAB_02\TriangleRain\TriangleRain\TriangleRain.cpp(101,41): warning C4244: '=': conversione da 'int' a 'float'. Possibile perdita di dati.
C:\Users\schin\Desktop\UNI\ComputerGraphics\LAB_02\TriangleRain\TriangleRain\TriangleRain.cpp(111,36): warning C4305: 'argomento': troncamento da 'double' a 'GLfloat'
C:\Users\schin\Desktop\UNI\ComputerGraphics\LAB_02\TriangleRain\TriangleRain\TriangleRain.cpp(115,36): warning C4305: 'argomento': troncamento da 'double' a 'GLfloat'
C:\Users\schin\Desktop\UNI\ComputerGraphics\LAB_02\TriangleRain\TriangleRain\TriangleRain.cpp(119,36): warning C4305: 'argomento': troncamento da 'double' a 'GLfloat'
C:\Users\schin\Desktop\UNI\ComputerGraphics\LAB_02\TriangleRain\TriangleRain\TriangleRain.cpp(148,50): warning C4244: '=': conversione da 'int' a 'float'. Possibile perdita di dati.
C:\Users\schin\Desktop\UNI\ComputerGraphics\LAB_02\TriangleRain\TriangleRain\TriangleRain.cpp(150,37): warning C4244: '=': conversione da 'int' a 'float'. Possibile perdita di dati.
C:\Users\schin\Desktop\UNI\ComputerGraphics\LAB_02\TriangleRain\TriangleRain\TriangleRain.cpp(152,26): warning C4244: '=': conversione da 'int' a 'float'. Possibile perdita di dati.
C:\Users\schin\Desktop\UNI\ComputerGraphics\LAB_02\TriangleRain\TriangleRain\TriangleRain.cpp(167,31): warning C4305: 'argomento': troncamento da 'double' a 'GLfloat'
C:\Users\schin\Desktop\UNI\ComputerGraphics\LAB_02\TriangleRain\TriangleRain\TriangleRain.cpp(202,33): warning C4244: '=': conversione da 'int' a 'float'. Possibile perdita di dati.
C:\Users\schin\Desktop\UNI\ComputerGraphics\LAB_02\TriangleRain\TriangleRain\TriangleRain.cpp(204,37): warning C4305: '=': troncamento da 'double' a 'float'
C:\Users\schin\Desktop\UNI\ComputerGraphics\LAB_02\TriangleRain\TriangleRain\TriangleRain.cpp(205,45): warning C4244: '=': conversione da 'int' a 'float'. Possibile perdita di dati.
C:\Users\schin\Desktop\UNI\ComputerGraphics\LAB_02\TriangleRain\TriangleRain\TriangleRain.cpp(212,36): warning C4305: 'argomento': troncamento da 'double' a 'GLfloat'
C:\Users\schin\Desktop\UNI\ComputerGraphics\LAB_02\TriangleRain\TriangleRain\TriangleRain.cpp(234,37): warning C4244: '=': conversione da 'int' a 'float'. Possibile perdita di dati.
C:\Users\schin\Desktop\UNI\ComputerGraphics\LAB_02\TriangleRain\TriangleRain\TriangleRain.cpp(236,41): warning C4305: '=': troncamento da 'double' a 'float'
C:\Users\schin\Desktop\UNI\ComputerGraphics\LAB_02\TriangleRain\TriangleRain\TriangleRain.cpp(237,49): warning C4244: '=': conversione da 'int' a 'float'. Possibile perdita di dati.
C:\Users\schin\Desktop\UNI\ComputerGraphics\LAB_02\TriangleRain\TriangleRain\TriangleRain.cpp(301,34): warning C4305: '+=': troncamento da 'double' a 'float'
C:\Users\schin\Desktop\UNI\ComputerGraphics\LAB_02\TriangleRain\TriangleRain\TriangleRain.cpp(311,51): warning C4244: 'argomento': conversione da 'float' a 'int'. Possibile perdita di dati.
  TriangleRain.vcxproj -> C:\Users\schin\Desktop\UNI\ComputerGraphics\LAB_02\TriangleRain\x64\Debug\TriangleRain.exe
