c:\users\schin\desktop\uni\computergraphics\lab_04\lab_04\lab_04\x64\debug\vc143.pdb
c:\users\schin\desktop\uni\computergraphics\lab_04\lab_04\lab_04\x64\debug\vc143.idb
c:\users\schin\desktop\uni\computergraphics\lab_04\lab_04\lab_04\x64\debug\sphere.obj
c:\users\schin\desktop\uni\computergraphics\lab_04\lab_04\lab_04\x64\debug\raytree.obj
c:\users\schin\desktop\uni\computergraphics\lab_04\lab_04\lab_04\x64\debug\raytracer_students.obj
c:\users\schin\desktop\uni\computergraphics\lab_04\lab_04\lab_04\x64\debug\radiosity.obj
c:\users\schin\desktop\uni\computergraphics\lab_04\lab_04\lab_04\x64\debug\mesh.obj
c:\users\schin\desktop\uni\computergraphics\lab_04\lab_04\lab_04\x64\debug\matrix.obj
c:\users\schin\desktop\uni\computergraphics\lab_04\lab_04\lab_04\x64\debug\material.obj
c:\users\schin\desktop\uni\computergraphics\lab_04\lab_04\lab_04\x64\debug\lab_04.obj
c:\users\schin\desktop\uni\computergraphics\lab_04\lab_04\lab_04\x64\debug\glcanvas.obj
c:\users\schin\desktop\uni\computergraphics\lab_04\lab_04\lab_04\x64\debug\face.obj
c:\users\schin\desktop\uni\computergraphics\lab_04\lab_04\lab_04\x64\debug\edge.obj
c:\users\schin\desktop\uni\computergraphics\lab_04\lab_04\lab_04\x64\debug\camera.obj
c:\users\schin\desktop\uni\computergraphics\lab_04\lab_04\lab_04\x64\debug\boundingbox.obj
c:\users\schin\desktop\uni\computergraphics\lab_04\lab_04\lab_04\x64\debug\lab_04.ilk
c:\users\schin\desktop\uni\computergraphics\lab_04\lab_04\x64\debug\lab_04.pdb
c:\users\schin\desktop\uni\computergraphics\lab_04\lab_04\x64\debug\lab_04.exe
c:\users\schin\desktop\uni\computergraphics\lab_04\lab_04\lab_04\x64\debug\lab_04.tlog\cl.command.1.tlog
c:\users\schin\desktop\uni\computergraphics\lab_04\lab_04\lab_04\x64\debug\lab_04.tlog\cl.read.1.tlog
c:\users\schin\desktop\uni\computergraphics\lab_04\lab_04\lab_04\x64\debug\lab_04.tlog\cl.write.1.tlog
c:\users\schin\desktop\uni\computergraphics\lab_04\lab_04\lab_04\x64\debug\lab_04.tlog\link.command.1.tlog
c:\users\schin\desktop\uni\computergraphics\lab_04\lab_04\lab_04\x64\debug\lab_04.tlog\link.read.1.tlog
c:\users\schin\desktop\uni\computergraphics\lab_04\lab_04\lab_04\x64\debug\lab_04.tlog\link.write.1.tlog
