c:\users\s0001097535\projects\esercitazionicomputergraphics\lab0\triangolo\triangolo\x64\debug\vc143.pdb
c:\users\s0001097535\projects\esercitazionicomputergraphics\lab0\triangolo\triangolo\x64\debug\vc143.idb
c:\users\s0001097535\projects\esercitazionicomputergraphics\lab0\triangolo\triangolo\x64\debug\triangolo.obj
c:\users\s0001097535\projects\esercitazionicomputergraphics\lab0\triangolo\triangolo\x64\debug\shadermaker.obj
c:\users\s0001097628\desktop\projects\computergraphics\lab_00\triangolo\triangolo\x64\debug\vc143.pdb
c:\users\s0001097628\desktop\projects\computergraphics\lab_00\triangolo\triangolo\x64\debug\vc143.idb
c:\users\s0001097628\desktop\projects\computergraphics\lab_00\triangolo\triangolo\x64\debug\triangolo.obj
c:\users\s0001097535\projects\esercitazionicomputergraphics\lab0\triangolo\triangolo\x64\debug\triangolo.ilk
c:\users\s0001097535\projects\esercitazionicomputergraphics\lab0\triangolo\x64\debug\triangolo.exe
c:\users\s0001097535\projects\esercitazionicomputergraphics\lab0\triangolo\x64\debug\triangolo.pdb
c:\users\s0001097628\desktop\projects\computergraphics\lab_00\triangolo\triangolo\x64\debug\shadermaker.obj
c:\users\s0001097628\desktop\projects\computergraphics\lab_00\triangolo\triangolo\x64\debug\triangolo.ilk
c:\users\s0001097628\desktop\projects\computergraphics\lab_00\triangolo\x64\debug\triangolo.pdb
c:\users\s0001097628\desktop\projects\computergraphics\lab_00\triangolo\x64\debug\triangolo.exe
c:\users\s0001097628\desktop\projects\computergraphics\lab_00\triangolo\triangolo\x64\debug\triangolo.tlog\cl.command.1.tlog
c:\users\s0001097628\desktop\projects\computergraphics\lab_00\triangolo\triangolo\x64\debug\triangolo.tlog\cl.read.1.tlog
c:\users\s0001097628\desktop\projects\computergraphics\lab_00\triangolo\triangolo\x64\debug\triangolo.tlog\cl.write.1.tlog
c:\users\s0001097628\desktop\projects\computergraphics\lab_00\triangolo\triangolo\x64\debug\triangolo.tlog\link.command.1.tlog
c:\users\s0001097628\desktop\projects\computergraphics\lab_00\triangolo\triangolo\x64\debug\triangolo.tlog\link.read.1.tlog
c:\users\s0001097628\desktop\projects\computergraphics\lab_00\triangolo\triangolo\x64\debug\triangolo.tlog\link.write.1.tlog
